0	1	mikroCPIC1618.exe -MSF -DBG -pP18F2550 -RA -DL -O11111114 -fo32 -N"E:\Workplace\Projects\Embedded\HidToSerialModule\hid-to-serial-module\v1\FirmwareProject\v1.0\HidToSerialModule.mcppi" -SP"C:\Users\Jonayet\Documents\Mikroelektronika\mikroC PRO for PIC\Defs\" -SP"C:\Users\Jonayet\Documents\Mikroelektronika\mikroC PRO for PIC\uses\P18\" -SP"E:\Workplace\Projects\Embedded\HidToSerialModule\hid-to-serial-module\v1\FirmwareProject\v1.0\" -SP"E:\Workplace\Projects\Embedded\HidToSerialModule\hid-to-serial-module\v1\FirmwareProject\v1.0\Library\" -IP"E:\Workplace\Projects\Embedded\HidToSerialModule\hid-to-serial-module\v1\FirmwareProject\v1.0\" -IP"E:\Workplace\Projects\Embedded\HidToSerialModule\hid-to-serial-module\v1\FirmwareProject\v1.0\Library\" "HardwareProfile.c" "Interrupt.c" "Main.c" "USBdsc.c" "UART-HW.c" "Lib-String.c" "HidToSerial.c" "__Lib_Math.mcl" "__Lib_MathDouble.mcl" "__Lib_System.mcl" "__Lib_Delays.mcl" "__Lib_CString.mcl" "__Lib_UART_c67.mcl" "__Lib_USB_genHID.mcl"	 
hint: 0	1139	Available RAM: 2027 [bytes], Available ROM: 32768 [bytes]	 
diagnostics: 0	122	Compilation Started	P18F2550.c
diagnostics: 1411	123	Compiled Successfully	P18F2550.c
diagnostics: 0	122	Compilation Started	__Lib_Delays.c
diagnostics: 172	123	Compiled Successfully	__Lib_Delays.c
diagnostics: 0	122	Compilation Started	hardwareprofile.h
diagnostics: 55	123	Compiled Successfully	HardwareProfile.c
diagnostics: 0	122	Compilation Started	hardwareprofile.h
warning: 33	1506	Implicit conversion of pointer to int	Interrupt.c
diagnostics: 37	123	Compiled Successfully	Interrupt.c
diagnostics: 0	122	Compilation Started	hardwareprofile.h
diagnostics: 182	123	Compiled Successfully	Main.c
diagnostics: 0	122	Compilation Started	USBdsc.c
diagnostics: 166	123	Compiled Successfully	USBdsc.c
diagnostics: 0	122	Compilation Started	uart-hw.h
diagnostics: 94	123	Compiled Successfully	UART-HW.c
diagnostics: 0	122	Compilation Started	lib-string.h
diagnostics: 46	123	Compiled Successfully	Lib-String.c
diagnostics: 0	122	Compilation Started	packetstructure.h
warning: 49	1509	Generated baud rate is 38462 bps (error = 0.16 percent)	HidToSerial.c
warning: 53	1509	Generated baud rate is 55944 bps (error = 0.10 percent)	HidToSerial.c
warning: 61	1509	Generated baud rate is 115942 bps (error = 0.64 percent)	HidToSerial.c
warning: 65	1509	Generated baud rate is 129032 bps (error = 0.81 percent)	HidToSerial.c
diagnostics: 422	123	Compiled Successfully	HidToSerial.c
hint: 240	1164	Variable 'dataOffset' has been eliminated by optimizer	HidToSerial.c
hint: 272	1164	Variable 'dataOffset' has been eliminated by optimizer	HidToSerial.c
hint: 318	1164	Variable 'devAck' has been eliminated by optimizer	HidToSerial.c
diagnostics: 0	127	All files Compiled in 219 ms	 
hint: 0	1144	Used RAM (bytes): 1246 (61%)  Free RAM (bytes): 781 (39%)	Used RAM (bytes): 1246 (61%)  Free RAM (bytes): 781 (39%)
hint: 0	1144	Used ROM (bytes): 8953 (27%)  Free ROM (bytes): 23815 (73%)	Used ROM (bytes): 8953 (27%)  Free ROM (bytes): 23815 (73%)
diagnostics: 0	125	Project Linked Successfully	HidToSerialModule.mcppi
diagnostics: 0	128	Linked in 94 ms	 
diagnostics: 0	129	Project 'HidToSerialModule.mcppi' completed: 453 ms	 
diagnostics: 0	103	Finished successfully: 11 Jul 2015, 21:10:31	HidToSerialModule.mcppi
